{"C:\\Users\\chs851\\Desktop\\test\\chatroom-node\\src\\app.ts": {"path":"C:\\Users\\chs851\\Desktop\\test\\chatroom-node\\src\\app.ts","statementMap":{"0":{"start":{"line":1,"column":0},"end":{"line":1,"column":30}},"1":{"start":{"line":2,"column":0},"end":{"line":2,"column":25}},"2":{"start":{"line":3,"column":0},"end":{"line":3,"column":56}},"3":{"start":{"line":4,"column":0},"end":{"line":4,"column":44}},"4":{"start":{"line":6,"column":12},"end":{"line":6,"column":21}},"5":{"start":{"line":8,"column":0},"end":{"line":8,"column":13}},"6":{"start":{"line":10,"column":0},"end":{"line":12,"column":3}},"7":{"start":{"line":11,"column":2},"end":{"line":11,"column":25}},"8":{"start":{"line":13,"column":0},"end":{"line":13,"column":29}},"9":{"start":{"line":15,"column":0},"end":{"line":17,"column":3}},"10":{"start":{"line":16,"column":2},"end":{"line":16,"column":60}},"11":{"start":{"line":19,"column":0},"end":{"line":19,"column":23}},"12":{"start":{"line":21,"column":0},"end":{"line":26,"column":3}},"13":{"start":{"line":22,"column":2},"end":{"line":22,"column":21}},"14":{"start":{"line":23,"column":2},"end":{"line":23,"column":50}},"15":{"start":{"line":24,"column":2},"end":{"line":24,"column":34}},"16":{"start":{"line":25,"column":2},"end":{"line":25,"column":43}},"17":{"start":{"line":27,"column":0},"end":{"line":27,"column":19}}},"fnMap":{"0":{"name":"(anonymous_1)","decl":{"start":{"line":10,"column":13},"end":{"line":10,"column":14}},"loc":{"start":{"line":10,"column":22},"end":{"line":12,"column":1}}},"1":{"name":"(anonymous_2)","decl":{"start":{"line":15,"column":17},"end":{"line":15,"column":null}},"loc":{"start":{"line":15,"column":17},"end":{"line":17,"column":1}}},"2":{"name":"(anonymous_3)","decl":{"start":{"line":21,"column":8},"end":{"line":21,"column":9}},"loc":{"start":{"line":21,"column":40},"end":{"line":26,"column":1}}}},"branchMap":{},"s":{"0":1,"1":1,"2":1,"3":1,"4":1,"5":1,"6":1,"7":0,"8":1,"9":1,"10":1,"11":1,"12":1,"13":2,"14":2,"15":2,"16":2,"17":1},"f":{"0":0,"1":1,"2":2},"b":{}}
,"C:\\Users\\chs851\\Desktop\\test\\chatroom-node\\src\\entity\\UserEntity.ts": {"path":"C:\\Users\\chs851\\Desktop\\test\\chatroom-node\\src\\entity\\UserEntity.ts","statementMap":{"0":{"start":{"line":1,"column":0},"end":{"line":1,"column":null}},"1":{"start":{"line":10,"column":0},"end":{"line":10,"column":13}},"2":{"start":{"line":12,"column":4},"end":{"line":12,"column":29}},"3":{"start":{"line":13,"column":4},"end":{"line":13,"column":29}},"4":{"start":{"line":14,"column":4},"end":{"line":14,"column":29}},"5":{"start":{"line":18,"column":2},"end":{"line":18,"column":null}},"6":{"start":{"line":21,"column":2},"end":{"line":21,"column":null}},"7":{"start":{"line":24,"column":2},"end":{"line":24,"column":null}},"8":{"start":{"line":27,"column":2},"end":{"line":27,"column":null}},"9":{"start":{"line":10,"column":13},"end":{"line":28,"column":null}},"10":{"start":{"line":28,"column":0},"end":{"line":28,"column":null}},"11":{"start":{"line":10,"column":13},"end":{"line":10,"column":23}}},"fnMap":{"0":{"name":"(anonymous_2)","decl":{"start":{"line":10,"column":0},"end":{"line":10,"column":13}},"loc":{"start":{"line":10,"column":0},"end":{"line":10,"column":13}}},"1":{"name":"UserEntity","decl":{"start":{"line":11,"column":2},"end":{"line":11,"column":14}},"loc":{"start":{"line":11,"column":67},"end":{"line":15,"column":3}}}},"branchMap":{},"s":{"0":1,"1":1,"2":0,"3":0,"4":0,"5":1,"6":1,"7":1,"8":1,"9":1,"10":1,"11":1},"f":{"0":1,"1":0},"b":{}}
,"C:\\Users\\chs851\\Desktop\\test\\chatroom-node\\src\\model\\Response.ts": {"path":"C:\\Users\\chs851\\Desktop\\test\\chatroom-node\\src\\model\\Response.ts","statementMap":{"0":{"start":{"line":1,"column":0},"end":{"line":1,"column":13}},"1":{"start":{"line":5,"column":4},"end":{"line":5,"column":33}},"2":{"start":{"line":6,"column":4},"end":{"line":6,"column":27}},"3":{"start":{"line":9,"column":2},"end":{"line":14,"column":null}},"4":{"start":{"line":10,"column":4},"end":{"line":13,"column":7}},"5":{"start":{"line":15,"column":0},"end":{"line":15,"column":null}},"6":{"start":{"line":1,"column":13},"end":{"line":1,"column":21}}},"fnMap":{"0":{"name":"(anonymous_0)","decl":{"start":{"line":1,"column":0},"end":{"line":1,"column":13}},"loc":{"start":{"line":1,"column":0},"end":{"line":15,"column":null}}},"1":{"name":"Response","decl":{"start":{"line":4,"column":2},"end":{"line":4,"column":14}},"loc":{"start":{"line":4,"column":49},"end":{"line":7,"column":3}}},"2":{"name":"(anonymous_2)","decl":{"start":{"line":9,"column":2},"end":{"line":9,"column":10}},"loc":{"start":{"line":9,"column":2},"end":{"line":14,"column":3}}}},"branchMap":{},"s":{"0":1,"1":2,"2":2,"3":1,"4":0,"5":1,"6":1},"f":{"0":1,"1":2,"2":0},"b":{}}
,"C:\\Users\\chs851\\Desktop\\test\\chatroom-node\\src\\routes\\UserRoute.ts": {"path":"C:\\Users\\chs851\\Desktop\\test\\chatroom-node\\src\\routes\\UserRoute.ts","statementMap":{"0":{"start":{"line":1,"column":0},"end":{"line":1,"column":30}},"1":{"start":{"line":2,"column":0},"end":{"line":2,"column":45}},"2":{"start":{"line":3,"column":0},"end":{"line":3,"column":66}},"3":{"start":{"line":5,"column":15},"end":{"line":5,"column":31}},"4":{"start":{"line":7,"column":0},"end":{"line":25,"column":3}},"5":{"start":{"line":7,"column":53},"end":{"line":25,"column":2}},"6":{"start":{"line":8,"column":8},"end":{"line":8,"column":28}},"7":{"start":{"line":10,"column":8},"end":{"line":10,"column":9}},"8":{"start":{"line":11,"column":12},"end":{"line":11,"column":62}},"9":{"start":{"line":12,"column":6},"end":{"line":12,"column":18}},"10":{"start":{"line":14,"column":28},"end":{"line":14,"column":null}},"11":{"start":{"line":14,"column":12},"end":{"line":14,"column":null}},"12":{"start":{"line":16,"column":6},"end":{"line":19,"column":null}},"13":{"start":{"line":17,"column":14},"end":{"line":17,"column":57}},"14":{"start":{"line":18,"column":8},"end":{"line":18,"column":58}},"15":{"start":{"line":22,"column":10},"end":{"line":22,"column":60}},"16":{"start":{"line":23,"column":4},"end":{"line":23,"column":16}},"17":{"start":{"line":27,"column":0},"end":{"line":43,"column":3}},"18":{"start":{"line":28,"column":15},"end":{"line":28,"column":27}},"19":{"start":{"line":29,"column":2},"end":{"line":42,"column":null}},"20":{"start":{"line":30,"column":4},"end":{"line":33,"column":null}},"21":{"start":{"line":31,"column":20},"end":{"line":31,"column":61}},"22":{"start":{"line":32,"column":6},"end":{"line":32,"column":18}},"23":{"start":{"line":34,"column":30},"end":{"line":36,"column":14}},"24":{"start":{"line":37,"column":16},"end":{"line":37,"column":52}},"25":{"start":{"line":38,"column":4},"end":{"line":38,"column":35}},"26":{"start":{"line":40,"column":18},"end":{"line":40,"column":59}},"27":{"start":{"line":41,"column":4},"end":{"line":41,"column":16}},"28":{"start":{"line":45,"column":0},"end":{"line":59,"column":3}},"29":{"start":{"line":46,"column":15},"end":{"line":46,"column":27}},"30":{"start":{"line":47,"column":2},"end":{"line":58,"column":null}},"31":{"start":{"line":48,"column":4},"end":{"line":51,"column":null}},"32":{"start":{"line":49,"column":20},"end":{"line":49,"column":61}},"33":{"start":{"line":50,"column":6},"end":{"line":50,"column":18}},"34":{"start":{"line":52,"column":30},"end":{"line":52,"column":73}},"35":{"start":{"line":53,"column":16},"end":{"line":53,"column":52}},"36":{"start":{"line":54,"column":4},"end":{"line":54,"column":35}},"37":{"start":{"line":56,"column":18},"end":{"line":56,"column":59}},"38":{"start":{"line":57,"column":4},"end":{"line":57,"column":16}},"39":{"start":{"line":61,"column":0},"end":{"line":61,"column":22}}},"fnMap":{"0":{"name":"(anonymous_13)","decl":{"start":{"line":7,"column":23},"end":{"line":7,"column":30}},"loc":{"start":{"line":7,"column":53},"end":{"line":25,"column":2}}},"1":{"name":"(anonymous_14)","decl":{"start":{"line":7,"column":53},"end":{"line":7,"column":null}},"loc":{"start":{"line":7,"column":53},"end":{"line":25,"column":2}}},"2":{"name":"(anonymous_16)","decl":{"start":{"line":27,"column":23},"end":{"line":27,"column":33}},"loc":{"start":{"line":27,"column":56},"end":{"line":43,"column":1}}},"3":{"name":"(anonymous_17)","decl":{"start":{"line":45,"column":24},"end":{"line":45,"column":34}},"loc":{"start":{"line":45,"column":57},"end":{"line":59,"column":1}}}},"branchMap":{"0":{"loc":{"start":{"line":14,"column":28},"end":{"line":14,"column":null}},"type":"switch","locations":[{"start":{"line":14,"column":28},"end":{"line":14,"column":null}}]},"1":{"loc":{"start":{"line":10,"column":8},"end":{"line":10,"column":9}},"type":"if","locations":[{"start":{"line":10,"column":8},"end":{"line":10,"column":9}},{"start":{"line":10,"column":8},"end":{"line":10,"column":9}}]},"2":{"loc":{"start":{"line":10,"column":8},"end":{"line":10,"column":13}},"type":"binary-expr","locations":[{"start":{"line":10,"column":8},"end":{"line":10,"column":13}},{"start":{"line":10,"column":17},"end":{"line":10,"column":31}},{"start":{"line":10,"column":35},"end":{"line":10,"column":49}}]},"3":{"loc":{"start":{"line":16,"column":6},"end":{"line":19,"column":null}},"type":"if","locations":[{"start":{"line":16,"column":6},"end":{"line":19,"column":null}},{"start":{"line":16,"column":6},"end":{"line":19,"column":null}}]},"4":{"loc":{"start":{"line":30,"column":4},"end":{"line":33,"column":null}},"type":"if","locations":[{"start":{"line":30,"column":4},"end":{"line":33,"column":null}},{"start":{"line":30,"column":4},"end":{"line":33,"column":null}}]},"5":{"loc":{"start":{"line":30,"column":8},"end":{"line":30,"column":22}},"type":"binary-expr","locations":[{"start":{"line":30,"column":8},"end":{"line":30,"column":22}},{"start":{"line":30,"column":26},"end":{"line":30,"column":40}}]},"6":{"loc":{"start":{"line":35,"column":8},"end":{"line":35,"column":17}},"type":"cond-expr","locations":[{"start":{"line":35,"column":8},"end":{"line":35,"column":17}},{"start":{"line":36,"column":8},"end":{"line":36,"column":14}}]},"7":{"loc":{"start":{"line":48,"column":4},"end":{"line":51,"column":null}},"type":"if","locations":[{"start":{"line":48,"column":4},"end":{"line":51,"column":null}},{"start":{"line":48,"column":4},"end":{"line":51,"column":null}}]},"8":{"loc":{"start":{"line":52,"column":55},"end":{"line":52,"column":64}},"type":"cond-expr","locations":[{"start":{"line":52,"column":55},"end":{"line":52,"column":64}},{"start":{"line":52,"column":67},"end":{"line":52,"column":73}}]}},"s":{"0":2,"1":1,"2":1,"3":1,"4":1,"5":1,"6":1,"7":1,"8":1,"9":1,"10":0,"11":0,"12":0,"13":0,"14":0,"15":0,"16":0,"17":1,"18":0,"19":0,"20":0,"21":0,"22":0,"23":0,"24":0,"25":0,"26":0,"27":0,"28":1,"29":1,"30":1,"31":1,"32":0,"33":0,"34":0,"35":0,"36":0,"37":1,"38":1,"39":1},"f":{"0":1,"1":1,"2":0,"3":1},"b":{"0":[0],"1":[0,1],"2":[1,0,0],"3":[0,0],"4":[0,0],"5":[0,0],"6":[0,0],"7":[0,0],"8":[0,0]}}
,"C:\\Users\\chs851\\Desktop\\test\\chatroom-node\\src\\services\\MongoUtil.ts": {"path":"C:\\Users\\chs851\\Desktop\\test\\chatroom-node\\src\\services\\MongoUtil.ts","statementMap":{"0":{"start":{"line":1,"column":0},"end":{"line":1,"column":43}},"1":{"start":{"line":4,"column":29},"end":{"line":9,"column":2}},"2":{"start":{"line":5,"column":2},"end":{"line":8,"column":5}},"3":{"start":{"line":11,"column":0},"end":{"line":11,"column":36}}},"fnMap":{"0":{"name":"(anonymous_12)","decl":{"start":{"line":4,"column":29},"end":{"line":4,"column":null}},"loc":{"start":{"line":4,"column":29},"end":{"line":9,"column":2}}}},"branchMap":{"0":{"loc":{"start":{"line":5,"column":2},"end":{"line":8,"column":5}},"type":"switch","locations":[{"start":{"line":5,"column":2},"end":{"line":8,"column":5}}]}},"s":{"0":2,"1":2,"2":2,"3":1},"f":{"0":2},"b":{"0":[1]}}
,"C:\\Users\\chs851\\Desktop\\test\\chatroom-node\\src\\services\\UserService.ts": {"path":"C:\\Users\\chs851\\Desktop\\test\\chatroom-node\\src\\services\\UserService.ts","statementMap":{"0":{"start":{"line":1,"column":0},"end":{"line":1,"column":40}},"1":{"start":{"line":2,"column":0},"end":{"line":2,"column":28}},"2":{"start":{"line":3,"column":0},"end":{"line":3,"column":50}},"3":{"start":{"line":5,"column":24},"end":{"line":5,"column":26}},"4":{"start":{"line":7,"column":13},"end":{"line":24,"column":2}},"5":{"start":{"line":7,"column":63},"end":{"line":24,"column":2}},"6":{"start":{"line":8,"column":6},"end":{"line":8,"column":23}},"7":{"start":{"line":10,"column":18},"end":{"line":10,"column":63}},"8":{"start":{"line":10,"column":4},"end":{"line":10,"column":63}},"9":{"start":{"line":12,"column":4},"end":{"line":12,"column":43}},"10":{"start":{"line":13,"column":4},"end":{"line":13,"column":12}},"11":{"start":{"line":15,"column":8},"end":{"line":15,"column":51}},"12":{"start":{"line":16,"column":15},"end":{"line":16,"column":null}},"13":{"start":{"line":16,"column":8},"end":{"line":16,"column":null}},"14":{"start":{"line":17,"column":6},"end":{"line":17,"column":10}},"15":{"start":{"line":18,"column":8},"end":{"line":18,"column":12}},"16":{"start":{"line":19,"column":6},"end":{"line":19,"column":78}},"17":{"start":{"line":20,"column":6},"end":{"line":20,"column":18}},"18":{"start":{"line":23,"column":2},"end":{"line":23,"column":15}},"19":{"start":{"line":26,"column":13},"end":{"line":35,"column":2}},"20":{"start":{"line":26,"column":46},"end":{"line":35,"column":2}},"21":{"start":{"line":27,"column":8},"end":{"line":27,"column":51}},"22":{"start":{"line":29,"column":4},"end":{"line":29,"column":77}},"23":{"start":{"line":30,"column":4},"end":{"line":30,"column":16}},"24":{"start":{"line":32,"column":4},"end":{"line":32,"column":45}},"25":{"start":{"line":33,"column":4},"end":{"line":33,"column":17}},"26":{"start":{"line":37,"column":13},"end":{"line":49,"column":2}},"27":{"start":{"line":37,"column":63},"end":{"line":49,"column":2}},"28":{"start":{"line":38,"column":8},"end":{"line":38,"column":51}},"29":{"start":{"line":39,"column":22},"end":{"line":39,"column":null}},"30":{"start":{"line":39,"column":8},"end":{"line":39,"column":null}},"31":{"start":{"line":41,"column":8},"end":{"line":41,"column":63}},"32":{"start":{"line":43,"column":4},"end":{"line":43,"column":39}},"33":{"start":{"line":44,"column":4},"end":{"line":44,"column":16}},"34":{"start":{"line":46,"column":4},"end":{"line":46,"column":44}},"35":{"start":{"line":47,"column":4},"end":{"line":47,"column":17}}},"fnMap":{"0":{"name":"(anonymous_13)","decl":{"start":{"line":7,"column":22},"end":{"line":7,"column":29}},"loc":{"start":{"line":7,"column":63},"end":{"line":24,"column":2}}},"1":{"name":"(anonymous_14)","decl":{"start":{"line":7,"column":63},"end":{"line":7,"column":null}},"loc":{"start":{"line":7,"column":63},"end":{"line":24,"column":2}}},"2":{"name":"(anonymous_16)","decl":{"start":{"line":26,"column":23},"end":{"line":26,"column":30}},"loc":{"start":{"line":26,"column":46},"end":{"line":35,"column":2}}},"3":{"name":"(anonymous_17)","decl":{"start":{"line":26,"column":46},"end":{"line":26,"column":null}},"loc":{"start":{"line":26,"column":46},"end":{"line":35,"column":2}}},"4":{"name":"(anonymous_19)","decl":{"start":{"line":37,"column":22},"end":{"line":37,"column":29}},"loc":{"start":{"line":37,"column":63},"end":{"line":49,"column":2}}},"5":{"name":"(anonymous_20)","decl":{"start":{"line":37,"column":63},"end":{"line":37,"column":null}},"loc":{"start":{"line":37,"column":63},"end":{"line":49,"column":2}}}},"branchMap":{"0":{"loc":{"start":{"line":23,"column":2},"end":{"line":23,"column":15}},"type":"switch","locations":[{"start":{"line":23,"column":2},"end":{"line":23,"column":15}}]},"1":{"loc":{"start":{"line":17,"column":6},"end":{"line":17,"column":10}},"type":"if","locations":[{"start":{"line":17,"column":6},"end":{"line":17,"column":10}},{"start":{"line":17,"column":6},"end":{"line":17,"column":10}}]},"2":{"loc":{"start":{"line":18,"column":8},"end":{"line":18,"column":12}},"type":"if","locations":[{"start":{"line":18,"column":8},"end":{"line":18,"column":12}},{"start":{"line":18,"column":8},"end":{"line":18,"column":12}}]}},"s":{"0":2,"1":1,"2":1,"3":1,"4":1,"5":0,"6":0,"7":0,"8":0,"9":0,"10":0,"11":0,"12":0,"13":0,"14":0,"15":0,"16":0,"17":0,"18":0,"19":1,"20":0,"21":0,"22":0,"23":0,"24":0,"25":0,"26":1,"27":0,"28":0,"29":0,"30":0,"31":0,"32":0,"33":0,"34":0,"35":0},"f":{"0":0,"1":0,"2":0,"3":0,"4":0,"5":0},"b":{"0":[0],"1":[0,0],"2":[0,0]}}
}
