TN:
SF:src\app.ts
FN:10,(anonymous_1)
FN:15,(anonymous_2)
FN:21,(anonymous_3)
FNF:3
FNH:2
FNDA:0,(anonymous_1)
FNDA:1,(anonymous_2)
FNDA:2,(anonymous_3)
DA:1,1
DA:2,1
DA:3,1
DA:4,1
DA:6,1
DA:8,1
DA:10,1
DA:11,0
DA:13,1
DA:15,1
DA:16,1
DA:19,1
DA:21,1
DA:22,2
DA:23,2
DA:24,2
DA:25,2
DA:27,1
LF:18
LH:17
BRF:0
BRH:0
end_of_record
TN:
SF:src\entity\UserEntity.ts
FN:10,(anonymous_2)
FN:11,UserEntity
FNF:2
FNH:1
FNDA:1,(anonymous_2)
FNDA:0,UserEntity
DA:1,1
DA:10,1
DA:12,0
DA:13,0
DA:14,0
DA:18,1
DA:21,1
DA:24,1
DA:27,1
DA:28,1
LF:10
LH:7
BRF:0
BRH:0
end_of_record
TN:
SF:src\model\Response.ts
FN:1,(anonymous_0)
FN:4,Response
FN:9,(anonymous_2)
FNF:3
FNH:2
FNDA:1,(anonymous_0)
FNDA:2,Response
FNDA:0,(anonymous_2)
DA:1,1
DA:5,2
DA:6,2
DA:9,1
DA:10,0
DA:15,1
LF:6
LH:5
BRF:0
BRH:0
end_of_record
TN:
SF:src\routes\UserRoute.ts
FN:7,(anonymous_13)
FN:7,(anonymous_14)
FN:27,(anonymous_16)
FN:45,(anonymous_17)
FNF:4
FNH:3
FNDA:1,(anonymous_13)
FNDA:1,(anonymous_14)
FNDA:0,(anonymous_16)
FNDA:1,(anonymous_17)
DA:1,2
DA:2,1
DA:3,1
DA:5,1
DA:7,1
DA:8,1
DA:10,1
DA:11,1
DA:12,1
DA:14,0
DA:16,0
DA:17,0
DA:18,0
DA:22,0
DA:23,0
DA:27,1
DA:28,0
DA:29,0
DA:30,0
DA:31,0
DA:32,0
DA:34,0
DA:37,0
DA:38,0
DA:40,0
DA:41,0
DA:45,1
DA:46,1
DA:47,1
DA:48,1
DA:49,0
DA:50,0
DA:52,0
DA:53,0
DA:54,0
DA:56,1
DA:57,1
DA:61,1
LF:38
LH:17
BRDA:14,0,0,0
BRDA:10,1,0,0
BRDA:10,1,1,1
BRDA:10,2,0,1
BRDA:10,2,1,0
BRDA:10,2,2,0
BRDA:16,3,0,0
BRDA:16,3,1,0
BRDA:30,4,0,0
BRDA:30,4,1,0
BRDA:30,5,0,0
BRDA:30,5,1,0
BRDA:35,6,0,0
BRDA:35,6,1,0
BRDA:48,7,0,0
BRDA:48,7,1,0
BRDA:52,8,0,0
BRDA:52,8,1,0
BRF:18
BRH:2
end_of_record
TN:
SF:src\services\MongoUtil.ts
FN:4,(anonymous_12)
FNF:1
FNH:1
FNDA:2,(anonymous_12)
DA:1,2
DA:4,2
DA:5,2
DA:11,1
LF:4
LH:4
BRDA:5,0,0,1
BRF:1
BRH:1
end_of_record
TN:
SF:src\services\UserService.ts
FN:7,(anonymous_13)
FN:7,(anonymous_14)
FN:26,(anonymous_16)
FN:26,(anonymous_17)
FN:37,(anonymous_19)
FN:37,(anonymous_20)
FNF:6
FNH:0
FNDA:0,(anonymous_13)
FNDA:0,(anonymous_14)
FNDA:0,(anonymous_16)
FNDA:0,(anonymous_17)
FNDA:0,(anonymous_19)
FNDA:0,(anonymous_20)
DA:1,2
DA:2,1
DA:3,1
DA:5,1
DA:7,1
DA:8,0
DA:10,0
DA:12,0
DA:13,0
DA:15,0
DA:16,0
DA:17,0
DA:18,0
DA:19,0
DA:20,0
DA:23,0
DA:26,1
DA:27,0
DA:29,0
DA:30,0
DA:32,0
DA:33,0
DA:37,1
DA:38,0
DA:39,0
DA:41,0
DA:43,0
DA:44,0
DA:46,0
DA:47,0
LF:30
LH:7
BRDA:23,0,0,0
BRDA:17,1,0,0
BRDA:17,1,1,0
BRDA:18,2,0,0
BRDA:18,2,1,0
BRF:5
BRH:0
end_of_record
